<?xml version="1.0" encoding="UTF-8"?>
<!-- Generated by org.testng.reporters.JUnitXMLReporter -->
<testsuite ignored="0" hostname="Genesiss-MacBook-Pro.local" failures="1" tests="3" name="emulator-5554" time="5.301" errors="0" timestamp="2022-10-14T20:50:53 ICT">
  <testcase classname="tests.BaseTest" name="@AfterMethod captureScreenshot" time="0.021">
    <failure type="java.lang.IllegalArgumentException" message="Please provide hub ip address via env variable [hub]!">
      <![CDATA[java.lang.IllegalArgumentException: Please provide hub ip address via env variable [hub]!
at driver.DriverFactory.getDriver(DriverFactory.java:65)
at tests.BaseTest.getDriver(BaseTest.java:37)
at tests.BaseTest.captureScreenshot(BaseTest.java:80)
at java.base/java.util.ArrayList.forEach(ArrayList.java:1511)
at java.base/java.util.concurrent.FutureTask.run(FutureTask.java:264)
at java.base/java.util.concurrent.ThreadPoolExecutor.runWorker(ThreadPoolExecutor.java:1136)
at java.base/java.util.concurrent.ThreadPoolExecutor$Worker.run(ThreadPoolExecutor.java:635)
at java.base/java.lang.Thread.run(Thread.java:833)
... Removed 21 stack frames]]>
    </failure>
  </testcase> <!-- @AfterMethod captureScreenshot -->
  <testcase classname="tests.BaseTest" name="@AfterMethod captureScreenshot" time="0.0">
    <skipped/>
  </testcase> <!-- @AfterMethod captureScreenshot -->
  <testcase classname="tests.BaseTest" name="@AfterMethod captureScreenshot" time="0.0">
    <skipped/>
  </testcase> <!-- @AfterMethod captureScreenshot -->
  <testcase classname="tests.authen.LoginTestWithBaseTest" name="testLogin" time="5.013">
    <failure type="java.lang.IllegalArgumentException" message="Please provide hub ip address via env variable [hub]!">
      <![CDATA[java.lang.IllegalArgumentException: Please provide hub ip address via env variable [hub]!
at driver.DriverFactory.getDriver(DriverFactory.java:65)
at tests.BaseTest.getDriver(BaseTest.java:37)
at tests.authen.LoginTestWithBaseTest.testLogin(LoginTestWithBaseTest.java:16)
at java.base/java.util.ArrayList.forEach(ArrayList.java:1511)
at java.base/java.util.concurrent.FutureTask.run(FutureTask.java:264)
at java.base/java.util.concurrent.ThreadPoolExecutor.runWorker(ThreadPoolExecutor.java:1136)
at java.base/java.util.concurrent.ThreadPoolExecutor$Worker.run(ThreadPoolExecutor.java:635)
at java.base/java.lang.Thread.run(Thread.java:833)
... Removed 16 stack frames]]>
    </failure>
  </testcase> <!-- testLogin -->
  <testcase classname="tests.authen.LoginTestWithBaseTest" name="testLogin" time="0.0">
    <skipped/>
  </testcase> <!-- testLogin -->
  <testcase classname="tests.authen.LoginTestWithBaseTest" name="testLogin" time="0.0">
    <skipped/>
  </testcase> <!-- testLogin -->
</testsuite> <!-- emulator-5554 -->
